<?xml version="1.0" encoding="UTF-8"?>
<!-- Generated by org.testng.reporters.JUnitXMLReporter -->
<testsuite hostname="DESKTOP-J84DH34" ignored="0" name="Add Customer" tests="4" failures="0" timestamp="22 Jul 2020 17:02:20 GMT" time="19.002" errors="0">
  <testcase name="addCustomerTest" time="5.189" classname="com.way2a.testcases.AddCustomerTest"/>
  <testcase name="addCustomerTest" time="4.707" classname="com.way2a.testcases.AddCustomerTest"/>
  <testcase name="addCustomerTest" time="4.445" classname="com.way2a.testcases.AddCustomerTest"/>
  <testcase name="addCustomerTest" time="4.41" classname="com.way2a.testcases.AddCustomerTest"/>
</testsuite> <!-- Add Customer -->
