<?xml version="1.0" encoding="UTF-8"?>
<!-- Generated by org.testng.reporters.JUnitXMLReporter -->
<testsuite hostname="DESKTOP-J84DH34" ignored="0" name="LoginTest" tests="1" failures="1" timestamp="20 Jul 2020 07:41:15 GMT" time="13.619" errors="0">
  <testcase name="loginAsBankManager" time="13.551" classname="com.way2a.testcases.LoginTest">
    <failure type="java.lang.AssertionError" message="Login is not successful expected [true] but found [false]">
      <![CDATA[java.lang.AssertionError: Login is not successful expected [true] but found [false]
	at com.way2a.testcases.LoginTest.loginAsBankManager(LoginTest.java:18)
... Removed 28 stack frames]]>
    </failure>
  </testcase> <!-- loginAsBankManager -->
</testsuite> <!-- LoginTest -->
